<?xml version="1.0" encoding="UTF-8"?>
<!-- Generated by org.testng.reporters.JUnitXMLReporter -->
<testsuite ignored="0" hostname="DESKTOP-8UBVH5E" failures="0" tests="3" name="Test1" time="0.046" errors="0" timestamp="2022-04-04T12:09:15 PDT">
  <testcase classname="Demo.TestNGRetryFaildDemo" name="test1" time="0.007"/>
  <testcase classname="Demo.TestNGRetryFaildDemo" name="test2" time="0.001"/>
  <testcase classname="Demo.TestNGRetryFaildDemo" name="test3" time="0.001"/>
</testsuite> <!-- Test1 -->
