<?xml version="1.0" encoding="UTF-8"?>
<testng-results ignored="0" total="3" passed="3" failed="0" skipped="0">
  <reporter-output>
  </reporter-output>
  <suite started-at="2022-04-04T12:09:15 PDT" name="Suite1" finished-at="2022-04-04T12:09:15 PDT" duration-ms="46">
    <groups>
    </groups>
    <test started-at="2022-04-04T12:09:15 PDT" name="Test1" finished-at="2022-04-04T12:09:15 PDT" duration-ms="46">
      <class name="Demo.TestNGRetryFaildDemo">
        <test-method signature="test1()[pri:0, instance:Demo.TestNGRetryFaildDemo@47faa49c]" started-at="2022-04-04T12:09:15 PDT" name="test1" finished-at="2022-04-04T12:09:15 PDT" duration-ms="7" status="PASS">
          <reporter-output>
          </reporter-output>
        </test-method> <!-- test1 -->
        <test-method signature="test2()[pri:0, instance:Demo.TestNGRetryFaildDemo@47faa49c]" started-at="2022-04-04T12:09:15 PDT" name="test2" finished-at="2022-04-04T12:09:15 PDT" duration-ms="1" status="PASS">
          <reporter-output>
          </reporter-output>
        </test-method> <!-- test2 -->
        <test-method signature="test3()[pri:0, instance:Demo.TestNGRetryFaildDemo@47faa49c]" started-at="2022-04-04T12:09:15 PDT" name="test3" finished-at="2022-04-04T12:09:15 PDT" duration-ms="1" status="PASS">
          <reporter-output>
          </reporter-output>
        </test-method> <!-- test3 -->
      </class> <!-- Demo.TestNGRetryFaildDemo -->
    </test> <!-- Test1 -->
  </suite> <!-- Suite1 -->
</testng-results>
